<?xml version="1.0" encoding="UTF-8"?>
<testsuite xmlns:xsi="http://www.w3.org/2001/XMLSchema-instance" xsi:noNamespaceSchemaLocation="https://maven.apache.org/surefire/maven-surefire-plugin/xsd/surefire-test-report-3.0.xsd" version="3.0" name="com.unifei.imc.parkingtracker.ParkingTrackerApplicationTests" time="8.805" tests="1" errors="0" skipped="0" failures="0">
  <properties>
[...]
</properties>
  <testcase name="contextLoads" classname="com.unifei.imc.parkingtracker.ParkingTrackerApplicationTests" time="0.551">
    <system-out><![CDATA[23:11:40.756 [main] INFO org.springframework.test.context.support.AnnotationConfigContextLoaderUtils -- Could not detect default configuration classes for test class [com.unifei.imc.parkingtracker.ParkingTrackerApplicationTests]: ParkingTrackerApplicationTests does not declare any static, non-private, non-final, nested classes annotated with @Configuration.
23:11:40.954 [main] INFO org.springframework.boot.test.context.SpringBootTestContextBootstrapper -- Found @SpringBootConfiguration com.unifei.imc.parkingtracker.ParkingTrackerApplication for test class com.unifei.imc.parkingtracker.ParkingTrackerApplicationTests

  .   ____          _            __ _ _
 /\\ / ___'_ __ _ _(_)_ __  __ _ \ \ \ \
( ( )\___ | '_ | '_| | '_ \/ _` | \ \ \ \
 \\/  ___)| |_)| | | | | || (_| |  ) ) ) )
  '  |____| .__|_| |_|_| |_\__, | / / / /
 =========|_|==============|___/=/_/_/_/
 :: Spring Boot ::                (v3.1.0)

2023-06-25T23:11:41.590-03:00  INFO 2560 --- [           main] c.u.i.p.ParkingTrackerApplicationTests   : Starting ParkingTrackerApplicationTests using Java 17.0.7 with PID 2560 (started by mtb in C:\Users\mtb\Documents\projetos\estacionamento_rotativo_back\parking-tracker-backend)
2023-06-25T23:11:41.596-03:00  INFO 2560 --- [           main] c.u.i.p.ParkingTrackerApplicationTests   : No active profile set, falling back to 1 default profile: "default"
2023-06-25T23:11:42.620-03:00  INFO 2560 --- [           main] .s.d.r.c.RepositoryConfigurationDelegate : Bootstrapping Spring Data JPA repositories in DEFAULT mode.
2023-06-25T23:11:42.726-03:00  INFO 2560 --- [           main] .s.d.r.c.RepositoryConfigurationDelegate : Finished Spring Data repository scanning in 91 ms. Found 3 JPA repository interfaces.
2023-06-25T23:11:43.431-03:00  INFO 2560 --- [           main] com.zaxxer.hikari.HikariDataSource       : HikariPool-1 - Starting...
2023-06-25T23:11:45.031-03:00  INFO 2560 --- [           main] com.zaxxer.hikari.pool.HikariPool        : HikariPool-1 - Added connection org.postgresql.jdbc.PgConnection@52bd9a27
2023-06-25T23:11:45.033-03:00  INFO 2560 --- [           main] com.zaxxer.hikari.HikariDataSource       : HikariPool-1 - Start completed.
2023-06-25T23:11:45.088-03:00  INFO 2560 --- [           main] o.hibernate.jpa.internal.util.LogHelper  : HHH000204: Processing PersistenceUnitInfo [name: default]
2023-06-25T23:11:45.144-03:00  INFO 2560 --- [           main] org.hibernate.Version                    : HHH000412: Hibernate ORM core version 6.2.2.Final
2023-06-25T23:11:45.146-03:00  INFO 2560 --- [           main] org.hibernate.cfg.Environment            : HHH000406: Using bytecode reflection optimizer
2023-06-25T23:11:45.316-03:00  INFO 2560 --- [           main] o.h.b.i.BytecodeProviderInitiator        : HHH000021: Bytecode provider name : bytebuddy
2023-06-25T23:11:45.505-03:00  INFO 2560 --- [           main] o.s.o.j.p.SpringPersistenceUnitInfo      : No LoadTimeWeaver setup: ignoring JPA class transformer
2023-06-25T23:11:45.844-03:00  INFO 2560 --- [           main] org.hibernate.orm.dialect                : HHH035001: Using dialect: org.hibernate.dialect.PostgreSQLDialect, version: org.hibernate.engine.jdbc.env.internal.JdbcEnvironmentInitiator$DialectResolutionInfoImpl@44864536
2023-06-25T23:11:46.340-03:00  INFO 2560 --- [           main] o.h.b.i.BytecodeProviderInitiator        : HHH000021: Bytecode provider name : bytebuddy
2023-06-25T23:11:47.087-03:00  INFO 2560 --- [           main] o.h.e.t.j.p.i.JtaPlatformInitiator       : HHH000490: Using JtaPlatform implementation: [org.hibernate.engine.transaction.jta.platform.internal.NoJtaPlatform]
2023-06-25T23:11:47.090-03:00  INFO 2560 --- [           main] j.LocalContainerEntityManagerFactoryBean : Initialized JPA EntityManagerFactory for persistence unit 'default'
2023-06-25T23:11:47.886-03:00  WARN 2560 --- [           main] JpaBaseConfiguration$JpaWebConfiguration : spring.jpa.open-in-view is enabled by default. Therefore, database queries may be performed during view rendering. Explicitly configure spring.jpa.open-in-view to disable this warning
2023-06-25T23:11:48.347-03:00  INFO 2560 --- [           main] o.s.s.web.DefaultSecurityFilterChain     : Will secure any request with [org.springframework.security.web.session.DisableEncodeUrlFilter@7a7bb083, org.springframework.security.web.context.request.async.WebAsyncManagerIntegrationFilter@2178d296, org.springframework.security.web.context.SecurityContextHolderFilter@2ad80cf6, org.springframework.security.web.header.HeaderWriterFilter@15ea0ca3, org.springframework.security.web.authentication.logout.LogoutFilter@49c37918, com.unifei.imc.parkingtracker.infra.security.SecurityFilter@af007d6, org.springframework.security.web.savedrequest.RequestCacheAwareFilter@629fe84, org.springframework.security.web.servletapi.SecurityContextHolderAwareRequestFilter@43aa767, org.springframework.security.web.authentication.AnonymousAuthenticationFilter@58c80957, org.springframework.security.web.session.SessionManagementFilter@7d432bc0, org.springframework.security.web.access.ExceptionTranslationFilter@396519b, org.springframework.security.web.access.intercept.AuthorizationFilter@61375dff]
2023-06-25T23:11:48.744-03:00  INFO 2560 --- [           main] c.u.i.p.ParkingTrackerApplicationTests   : Started ParkingTrackerApplicationTests in 7.547 seconds (process running for 9.135)
]]></system-out>
  </testcase>
</testsuite>