<?xml version="1.0" encoding="UTF-8"?>
<testsuite xmlns:xsi="http://www.w3.org/2001/XMLSchema-instance" xsi:noNamespaceSchemaLocation="https://maven.apache.org/surefire/maven-surefire-plugin/xsd/surefire-test-report-3.0.xsd" version="3.0" name="com.unifei.imc.parkingtracker.ParkingTrackerApplicationTests" time="6.934" tests="1" errors="0" skipped="0" failures="0">
  <properties>
[...]
</properties>
  <testcase name="contextLoads" classname="com.unifei.imc.parkingtracker.ParkingTrackerApplicationTests" time="0.543">
    <system-out><![CDATA[20:33:01.534 [main] INFO org.springframework.test.context.support.AnnotationConfigContextLoaderUtils -- Could not detect default configuration classes for test class [com.unifei.imc.parkingtracker.ParkingTrackerApplicationTests]: ParkingTrackerApplicationTests does not declare any static, non-private, non-final, nested classes annotated with @Configuration.
20:33:01.641 [main] INFO org.springframework.boot.test.context.SpringBootTestContextBootstrapper -- Found @SpringBootConfiguration com.unifei.imc.parkingtracker.ParkingTrackerApplication for test class com.unifei.imc.parkingtracker.ParkingTrackerApplicationTests

  .   ____          _            __ _ _
 /\\ / ___'_ __ _ _(_)_ __  __ _ \ \ \ \
( ( )\___ | '_ | '_| | '_ \/ _` | \ \ \ \
 \\/  ___)| |_)| | | | | || (_| |  ) ) ) )
  '  |____| .__|_| |_|_| |_\__, | / / / /
 =========|_|==============|___/=/_/_/_/
 :: Spring Boot ::                (v3.1.0)

2023-06-25T20:33:02.075-03:00  INFO 231659 --- [           main] c.u.i.p.ParkingTrackerApplicationTests   : Starting ParkingTrackerApplicationTests using Java 20 with PID 231659 (started by maysu in /home/maysu/Documentos/github/parking-tracker-backend)
2023-06-25T20:33:02.077-03:00  INFO 231659 --- [           main] c.u.i.p.ParkingTrackerApplicationTests   : No active profile set, falling back to 1 default profile: "default"
2023-06-25T20:33:02.704-03:00  INFO 231659 --- [           main] .s.d.r.c.RepositoryConfigurationDelegate : Bootstrapping Spring Data JPA repositories in DEFAULT mode.
2023-06-25T20:33:02.762-03:00  INFO 231659 --- [           main] .s.d.r.c.RepositoryConfigurationDelegate : Finished Spring Data repository scanning in 50 ms. Found 3 JPA repository interfaces.
2023-06-25T20:33:03.204-03:00  INFO 231659 --- [           main] com.zaxxer.hikari.HikariDataSource       : HikariPool-1 - Starting...
2023-06-25T20:33:04.877-03:00  INFO 231659 --- [           main] com.zaxxer.hikari.pool.HikariPool        : HikariPool-1 - Added connection org.postgresql.jdbc.PgConnection@19489b27
2023-06-25T20:33:04.879-03:00  INFO 231659 --- [           main] com.zaxxer.hikari.HikariDataSource       : HikariPool-1 - Start completed.
2023-06-25T20:33:04.951-03:00  INFO 231659 --- [           main] o.hibernate.jpa.internal.util.LogHelper  : HHH000204: Processing PersistenceUnitInfo [name: default]
2023-06-25T20:33:05.034-03:00  INFO 231659 --- [           main] org.hibernate.Version                    : HHH000412: Hibernate ORM core version 6.2.2.Final
2023-06-25T20:33:05.036-03:00  INFO 231659 --- [           main] org.hibernate.cfg.Environment            : HHH000406: Using bytecode reflection optimizer
2023-06-25T20:33:05.168-03:00  INFO 231659 --- [           main] o.h.b.i.BytecodeProviderInitiator        : HHH000021: Bytecode provider name : bytebuddy
2023-06-25T20:33:05.319-03:00  INFO 231659 --- [           main] o.s.o.j.p.SpringPersistenceUnitInfo      : No LoadTimeWeaver setup: ignoring JPA class transformer
2023-06-25T20:33:05.655-03:00  INFO 231659 --- [           main] org.hibernate.orm.dialect                : HHH035001: Using dialect: org.hibernate.dialect.PostgreSQLDialect, version: org.hibernate.engine.jdbc.env.internal.JdbcEnvironmentInitiator$DialectResolutionInfoImpl@d969452
2023-06-25T20:33:06.107-03:00  INFO 231659 --- [           main] o.h.b.i.BytecodeProviderInitiator        : HHH000021: Bytecode provider name : bytebuddy
2023-06-25T20:33:06.730-03:00  INFO 231659 --- [           main] o.h.e.t.j.p.i.JtaPlatformInitiator       : HHH000490: Using JtaPlatform implementation: [org.hibernate.engine.transaction.jta.platform.internal.NoJtaPlatform]
2023-06-25T20:33:06.733-03:00  INFO 231659 --- [           main] j.LocalContainerEntityManagerFactoryBean : Initialized JPA EntityManagerFactory for persistence unit 'default'
2023-06-25T20:33:07.159-03:00  WARN 231659 --- [           main] JpaBaseConfiguration$JpaWebConfiguration : spring.jpa.open-in-view is enabled by default. Therefore, database queries may be performed during view rendering. Explicitly configure spring.jpa.open-in-view to disable this warning
2023-06-25T20:33:07.299-03:00  INFO 231659 --- [           main] o.s.s.web.DefaultSecurityFilterChain     : Will secure any request with [org.springframework.security.web.session.DisableEncodeUrlFilter@3c04ddda, org.springframework.security.web.context.request.async.WebAsyncManagerIntegrationFilter@78c23ade, org.springframework.security.web.context.SecurityContextHolderFilter@796e2187, org.springframework.security.web.header.HeaderWriterFilter@31434b63, org.springframework.security.web.authentication.logout.LogoutFilter@5c8d631, org.springframework.security.web.savedrequest.RequestCacheAwareFilter@3c2fa57a, org.springframework.security.web.servletapi.SecurityContextHolderAwareRequestFilter@2f6d8c9, org.springframework.security.web.authentication.AnonymousAuthenticationFilter@7ac1161f, org.springframework.security.web.session.SessionManagementFilter@62ff14cd, org.springframework.security.web.access.ExceptionTranslationFilter@38d308e7, org.springframework.security.web.access.intercept.AuthorizationFilter@6a95c2f6]
2023-06-25T20:33:07.749-03:00  INFO 231659 --- [           main] c.u.i.p.ParkingTrackerApplicationTests   : Started ParkingTrackerApplicationTests in 5.954 seconds (process running for 6.845)
]]></system-out>
  </testcase>
</testsuite>